[0.00021434298832900822] INFO: Starting search.
[0.00028660899261012673] INFO: Starting construction phase.
[0.00031438900623470545] INFO: Generating an initial solution according to 1-increasing_dof.
[0.11944304598728195] INFO: Solution updated in constructive phase.
[0.11953398498008028] INFO: Constructive solution found.
The permutation [11, 17, 4, 19, 18, 0, 1, 9, 3, 21, 13, 16, 14, 7, 5, 15, 8, 6, 22, 2, 23, 24, 10, 12, 20] results in a cost of 568792933
[0.1195590489951428] INFO: Starting variable neighborhood search phase.
[0.11958198298816569] DEBUG: Creating neighborhood 2-Permute for VNS.
[0.11965002899523824] DEBUG: Neighborhood 2-Permute for VNS created.
[0.1196635979868006] DEBUG: Creating neighborhood 3-Permute for VNS.
[0.12042915399069898] DEBUG: Neighborhood 3-Permute for VNS created.
[0.12044481700286269] DEBUG: Creating neighborhood 4-Permute for VNS.
[0.13390577599056996] DEBUG: Neighborhood 4-Permute for VNS created.
[0.1339659719960764] DEBUG: Creating neighborhood 2-Swap for VNS.
[0.15254732500761747] DEBUG: Neighborhood 2-Swap for VNS created.
[0.1526255309872795] DEBUG: Shaked solution: The permutation [11, 17, 4, 19, 18, 0, 1, 9, 3, 21, 13, 16, 14, 7, 5, 15, 8, 6, 22, 2, 23, 24, 10, 12, 20] results in a cost of 568792933
[0.15264165098778903] DEBUG: Starting LocalSearch procedure.
[0.28227983400574885] DEBUG: Reached local optimum of 2-Permute neighborhood. Stop local search.
[0.2823492120078299] DEBUG: Local searched solution: The permutation [24, 17, 4, 19, 18, 0, 1, 9, 3, 21, 13, 16, 14, 7, 5, 15, 22, 10, 20, 2, 23, 11, 8, 12, 6] results in a cost of 518055079
[0.28236629799357615] DEBUG: Starting Sequential neighborhood change procedure for VNS
[0.28239218099042773] DEBUG: Solution search is better than current solution. Reset VNS neighborhood type to first.
[0.28241799600073136] DEBUG: Solution updated in VNS.
[0.2824414299975615] INFO: New solution: The permutation [24, 17, 4, 19, 18, 0, 1, 9, 3, 21, 13, 16, 14, 7, 5, 15, 22, 10, 20, 2, 23, 11, 8, 12, 6] results in a cost of 518055079
[0.2828950539988] DEBUG: Shaked solution with 2-Permute neighborhood and combination ((1, 4), (1, 0)) at index 26.
[0.28293076099362224] DEBUG: Shaked solution: The permutation [24, 18, 4, 19, 17, 0, 1, 9, 3, 21, 13, 16, 14, 7, 5, 15, 22, 10, 20, 2, 23, 11, 8, 12, 6] results in a cost of inf
[0.28294576599728316] DEBUG: Starting LocalSearch procedure.
[0.3157072739850264] DEBUG: Reached local optimum of 2-Permute neighborhood. Stop local search.
[0.3157772889826447] DEBUG: Local searched solution: The permutation [24, 17, 4, 19, 18, 0, 1, 9, 3, 21, 13, 16, 14, 7, 5, 15, 22, 10, 20, 2, 23, 11, 8, 12, 6] results in a cost of 518055079
[0.31579430398414843] DEBUG: Starting Sequential neighborhood change procedure for VNS
[0.3159021449973807] DEBUG: Shaked solution with 3-Permute neighborhood and combination ((9, 13, 15), (0, 2, 1)) at index 8900.
[0.31593271598103456] DEBUG: Shaked solution: The permutation [24, 17, 4, 19, 18, 0, 1, 9, 3, 21, 13, 16, 14, 15, 5, 7, 22, 10, 20, 2, 23, 11, 8, 12, 6] results in a cost of inf
[0.3159467339864932] DEBUG: Starting LocalSearch procedure.
[1.6875634159951005] DEBUG: Reached local optimum of 3-Permute neighborhood. Stop local search.
[1.6876422720088158] DEBUG: Local searched solution: The permutation [24, 17, 4, 19, 18, 0, 1, 9, 3, 21, 13, 16, 14, 7, 5, 15, 22, 10, 20, 2, 23, 11, 8, 12, 6] results in a cost of 518055079
[1.6876624510041438] DEBUG: Starting Sequential neighborhood change procedure for VNS
[1.6877839259977918] DEBUG: Shaked solution with 4-Permute neighborhood and combination ((5, 9, 15, 22), (1, 2, 0, 3)) at index 190447.
[1.6878168149851263] DEBUG: Shaked solution: The permutation [24, 17, 4, 19, 18, 21, 1, 9, 3, 15, 13, 16, 14, 7, 5, 0, 22, 10, 20, 2, 23, 11, 8, 12, 6] results in a cost of inf
[1.687831302988343] DEBUG: Starting LocalSearch procedure.
[39.311172818008345] DEBUG: Reached local optimum of 4-Permute neighborhood. Stop local search.
[39.31124960500165] DEBUG: Local searched solution: The permutation [24, 17, 4, 19, 18, 0, 1, 9, 3, 21, 13, 16, 14, 7, 5, 15, 22, 10, 20, 2, 23, 11, 8, 12, 6] results in a cost of 518055079
[39.31132890298613] DEBUG: Starting Sequential neighborhood change procedure for VNS
[39.311457022995455] DEBUG: Shaked solution with 2-Swap neighborhood and combination ((3, 7), (9, 20)) at index 16655.
[39.311492665001424] DEBUG: Shaked solution: The permutation [24, 17, 4, 9, 18, 0, 1, 19, 3, 23, 13, 16, 14, 7, 5, 15, 22, 10, 20, 2, 21, 11, 8, 12, 6] results in a cost of inf
[39.31150817600428] DEBUG: Starting LocalSearch procedure.
[44.030214633006835] DEBUG: Reached local optimum of 2-Swap neighborhood. Stop local search.
[44.03028911000001] DEBUG: Local searched solution: The permutation [24, 17, 4, 19, 18, 0, 1, 9, 3, 21, 13, 16, 14, 7, 5, 15, 22, 10, 20, 2, 23, 11, 8, 12, 6] results in a cost of 518055079
[44.03030772798229] DEBUG: Starting Sequential neighborhood change procedure for VNS
[44.030422944983] DEBUG: Shaked solution with 2-Permute neighborhood and combination ((6, 7), (1, 0)) at index 129.
[44.03045463198214] DEBUG: Shaked solution: The permutation [24, 17, 4, 19, 18, 0, 9, 1, 3, 21, 13, 16, 14, 7, 5, 15, 22, 10, 20, 2, 23, 11, 8, 12, 6] results in a cost of inf
[44.03046918599284] DEBUG: Starting LocalSearch procedure.
[44.06571121298475] DEBUG: Reached local optimum of 2-Permute neighborhood. Stop local search.
[44.065783783997176] DEBUG: Local searched solution: The permutation [24, 17, 4, 19, 18, 0, 1, 9, 3, 21, 13, 16, 14, 7, 5, 15, 22, 10, 20, 2, 23, 11, 8, 12, 6] results in a cost of 518055079
[44.065803151985165] DEBUG: Starting Sequential neighborhood change procedure for VNS
[44.065916972991545] DEBUG: Shaked solution with 3-Permute neighborhood and combination ((11, 15, 21), (2, 0, 1)) at index 9873.
[44.06595023800037] DEBUG: Shaked solution: The permutation [24, 17, 4, 19, 18, 0, 1, 9, 3, 21, 13, 11, 14, 7, 5, 16, 22, 10, 20, 2, 23, 15, 8, 12, 6] results in a cost of inf
[44.06596472300589] DEBUG: Starting LocalSearch procedure.
[45.80789346099482] DEBUG: Reached local optimum of 3-Permute neighborhood. Stop local search.
[45.80801998099196] DEBUG: Local searched solution: The permutation [24, 17, 4, 19, 18, 0, 1, 9, 3, 21, 13, 16, 14, 7, 5, 15, 22, 10, 20, 2, 23, 11, 8, 12, 6] results in a cost of 518055079
[45.808053738990566] DEBUG: Starting Sequential neighborhood change procedure for VNS
[45.80824622698128] DEBUG: Shaked solution with 4-Permute neighborhood and combination ((0, 6, 8, 24), (0, 3, 2, 1)) at index 25005.
[45.808300265984144] DEBUG: Shaked solution: The permutation [24, 17, 4, 19, 18, 0, 6, 9, 3, 21, 13, 16, 14, 7, 5, 15, 22, 10, 20, 2, 23, 11, 8, 12, 1] results in a cost of inf
[45.80831998499343] DEBUG: Starting LocalSearch procedure.
[82.74505996800144] DEBUG: Reached local optimum of 4-Permute neighborhood. Stop local search.
[82.74514068799908] DEBUG: Local searched solution: The permutation [24, 17, 4, 19, 18, 0, 1, 9, 3, 21, 13, 16, 14, 7, 5, 15, 22, 10, 20, 2, 23, 11, 8, 12, 6] results in a cost of 518055079
[82.74515924500884] DEBUG: Starting Sequential neighborhood change procedure for VNS
[82.74527567799669] DEBUG: Shaked solution with 2-Swap neighborhood and combination ((6, 8), (7, 16)) at index 26465.
[82.74530689400854] DEBUG: Shaked solution: The permutation [24, 17, 4, 19, 18, 0, 3, 22, 1, 21, 13, 16, 14, 7, 5, 15, 9, 10, 20, 2, 23, 11, 8, 12, 6] results in a cost of inf
[82.74532146399724] DEBUG: Starting LocalSearch procedure.
[87.02774564200081] DEBUG: Reached local optimum of 2-Swap neighborhood. Stop local search.
[87.02781852998305] DEBUG: Local searched solution: The permutation [24, 17, 4, 19, 18, 0, 1, 9, 3, 21, 13, 16, 14, 7, 5, 15, 22, 10, 20, 2, 23, 11, 8, 12, 6] results in a cost of 518055079
[87.02783672598889] DEBUG: Starting Sequential neighborhood change procedure for VNS
[87.02795607500593] DEBUG: Shaked solution with 2-Permute neighborhood and combination ((2, 16), (1, 0)) at index 60.
[87.02798902898212] DEBUG: Shaked solution: The permutation [24, 17, 22, 19, 18, 0, 1, 9, 3, 21, 13, 16, 14, 7, 5, 15, 4, 10, 20, 2, 23, 11, 8, 12, 6] results in a cost of 666061051
[87.02803839300759] DEBUG: Starting LocalSearch procedure.
[87.06211054700543] DEBUG: Reached local optimum of 2-Permute neighborhood. Stop local search.
[87.0621857859951] DEBUG: Local searched solution: The permutation [24, 17, 4, 19, 18, 0, 1, 9, 3, 21, 13, 16, 14, 7, 5, 15, 22, 10, 20, 2, 23, 11, 8, 12, 6] results in a cost of 518055079
[87.06220391398529] DEBUG: Starting Sequential neighborhood change procedure for VNS
[87.0623146739963] DEBUG: Shaked solution with 3-Permute neighborhood and combination ((0, 13, 20), (2, 0, 1)) at index 1083.
[87.06235176100745] DEBUG: Shaked solution: The permutation [23, 17, 4, 19, 18, 0, 1, 9, 3, 21, 13, 16, 14, 24, 5, 15, 22, 10, 20, 2, 7, 11, 8, 12, 6] results in a cost of inf
[87.06236747899675] DEBUG: Starting LocalSearch procedure.
[88.41108190899831] DEBUG: Reached local optimum of 3-Permute neighborhood. Stop local search.
[88.41115650298889] DEBUG: Local searched solution: The permutation [24, 17, 4, 19, 18, 0, 1, 9, 3, 21, 13, 16, 14, 7, 5, 15, 22, 10, 20, 2, 23, 11, 8, 12, 6] results in a cost of 518055079
[88.41117585799657] DEBUG: Starting Sequential neighborhood change procedure for VNS
[88.41129058599472] DEBUG: Shaked solution with 4-Permute neighborhood and combination ((3, 20, 22, 24), (3, 2, 1, 0)) at index 153179.
[88.41132382600335] DEBUG: Shaked solution: The permutation [24, 17, 4, 6, 18, 0, 1, 9, 3, 21, 13, 16, 14, 7, 5, 15, 22, 10, 20, 2, 8, 11, 23, 12, 19] results in a cost of inf
[88.41133822099073] DEBUG: Starting LocalSearch procedure.
[122.7987433919916] DEBUG: Reached local optimum of 4-Permute neighborhood. Stop local search.
[122.79881436898722] DEBUG: Local searched solution: The permutation [24, 17, 4, 19, 18, 0, 1, 9, 3, 21, 13, 16, 14, 7, 5, 15, 22, 10, 20, 2, 23, 11, 8, 12, 6] results in a cost of 518055079
[122.7988319649885] DEBUG: Starting Sequential neighborhood change procedure for VNS
[122.79893911900581] DEBUG: Shaked solution with 2-Swap neighborhood and combination ((14, 16), (20, 23)) at index 37024.
[122.79896939598257] DEBUG: Shaked solution: The permutation [24, 17, 4, 19, 18, 0, 1, 9, 3, 21, 13, 16, 14, 7, 22, 15, 5, 10, 20, 2, 12, 11, 8, 23, 6] results in a cost of inf
[122.79898325400427] DEBUG: Starting LocalSearch procedure.
[127.41263420600444] DEBUG: Reached local optimum of 2-Swap neighborhood. Stop local search.
[127.41284838799038] DEBUG: Local searched solution: The permutation [24, 17, 4, 19, 18, 0, 1, 9, 3, 21, 13, 16, 14, 7, 5, 15, 22, 10, 20, 2, 23, 11, 8, 12, 6] results in a cost of 518055079
[127.41289662499912] DEBUG: Starting Sequential neighborhood change procedure for VNS
[127.41323917699629] DEBUG: Shaked solution with 2-Permute neighborhood and combination ((11, 23), (1, 0)) at index 220.
[127.413336091995] DEBUG: Shaked solution: The permutation [24, 17, 4, 19, 18, 0, 1, 9, 3, 21, 13, 12, 14, 7, 5, 15, 22, 10, 20, 2, 23, 11, 8, 16, 6] results in a cost of inf
[127.41338387998985] DEBUG: Starting LocalSearch procedure.
[127.48340940699563] DEBUG: Reached local optimum of 2-Permute neighborhood. Stop local search.
[127.4835164899996] DEBUG: Local searched solution: The permutation [24, 17, 4, 19, 18, 0, 1, 9, 3, 21, 13, 16, 14, 7, 5, 15, 22, 10, 20, 2, 23, 11, 8, 12, 6] results in a cost of 518055079
[127.48354178000591] DEBUG: Starting Sequential neighborhood change procedure for VNS
[127.4838394469989] DEBUG: Shaked solution with 3-Permute neighborhood and combination ((9, 10, 21), (2, 0, 1)) at index 8753.
[127.48390091999318] DEBUG: Shaked solution: The permutation [24, 17, 4, 19, 18, 0, 1, 9, 3, 11, 21, 16, 14, 7, 5, 15, 22, 10, 20, 2, 23, 13, 8, 12, 6] results in a cost of inf
[127.4839257359854] DEBUG: Starting LocalSearch procedure.
[129.2073940889968] DEBUG: Reached local optimum of 3-Permute neighborhood. Stop local search.
[129.20747863699216] DEBUG: Local searched solution: The permutation [24, 17, 4, 19, 18, 0, 1, 9, 3, 21, 13, 16, 14, 7, 5, 15, 22, 10, 20, 2, 23, 11, 8, 12, 6] results in a cost of 518055079
[129.2075037600007] DEBUG: Starting Sequential neighborhood change procedure for VNS
[129.20773186700535] DEBUG: Shaked solution with 4-Permute neighborhood and combination ((6, 9, 13, 21), (0, 2, 3, 1)) at index 208750.
[129.20777305599768] DEBUG: Shaked solution: The permutation [24, 17, 4, 19, 18, 0, 1, 9, 3, 7, 13, 16, 14, 11, 5, 15, 22, 10, 20, 2, 23, 21, 8, 12, 6] results in a cost of inf
[129.20779066698742] DEBUG: Starting LocalSearch procedure.
[166.29820900200866] DEBUG: Reached local optimum of 4-Permute neighborhood. Stop local search.
[166.29829174498445] DEBUG: Local searched solution: The permutation [24, 17, 4, 19, 18, 0, 1, 9, 3, 21, 13, 16, 14, 7, 5, 15, 22, 10, 20, 2, 23, 11, 8, 12, 6] results in a cost of 518055079
[166.29831340999226] DEBUG: Starting Sequential neighborhood change procedure for VNS
[166.29843604698544] DEBUG: Shaked solution with 2-Swap neighborhood and combination ((7, 16), (18, 21)) at index 29831.
[166.29847140598577] DEBUG: Shaked solution: The permutation [24, 17, 4, 19, 18, 0, 1, 22, 3, 21, 13, 16, 14, 7, 5, 15, 9, 10, 11, 2, 23, 20, 8, 12, 6] results in a cost of inf
[166.2984872859961] DEBUG: Starting LocalSearch procedure.
[171.13552366799559] DEBUG: Reached local optimum of 2-Swap neighborhood. Stop local search.
[171.13559931499185] DEBUG: Local searched solution: The permutation [24, 17, 4, 19, 18, 0, 1, 9, 3, 21, 13, 16, 14, 7, 5, 15, 22, 10, 20, 2, 23, 11, 8, 12, 6] results in a cost of 518055079
[171.13562006200664] DEBUG: Starting Sequential neighborhood change procedure for VNS
[171.13574412700837] DEBUG: Shaked solution with 2-Permute neighborhood and combination ((7, 14), (1, 0)) at index 153.
[171.13577861298108] DEBUG: Shaked solution: The permutation [24, 17, 4, 19, 18, 0, 1, 5, 3, 21, 13, 16, 14, 7, 9, 15, 22, 10, 20, 2, 23, 11, 8, 12, 6] results in a cost of inf
[171.13579448399832] DEBUG: Starting LocalSearch procedure.
[171.17205846999423] DEBUG: Reached local optimum of 2-Permute neighborhood. Stop local search.
[171.17213829798857] DEBUG: Local searched solution: The permutation [24, 17, 4, 19, 18, 0, 1, 9, 3, 21, 13, 16, 14, 7, 5, 15, 22, 10, 20, 2, 23, 11, 8, 12, 6] results in a cost of 518055079
[171.17215842698351] DEBUG: Starting Sequential neighborhood change procedure for VNS
[171.17227918698336] DEBUG: Shaked solution with 3-Permute neighborhood and combination ((1, 2, 21), (2, 0, 1)) at index 1473.
[171.1723136669898] DEBUG: Shaked solution: The permutation [24, 11, 17, 19, 18, 0, 1, 9, 3, 21, 13, 16, 14, 7, 5, 15, 22, 10, 20, 2, 23, 4, 8, 12, 6] results in a cost of inf
[171.1723290179798] DEBUG: Starting LocalSearch procedure.
[172.71591004898073] DEBUG: Reached local optimum of 3-Permute neighborhood. Stop local search.
[172.71598585799802] DEBUG: Local searched solution: The permutation [24, 17, 4, 19, 18, 0, 1, 9, 3, 21, 13, 16, 14, 7, 5, 15, 22, 10, 20, 2, 23, 11, 8, 12, 6] results in a cost of 518055079
[172.71600762900198] DEBUG: Starting Sequential neighborhood change procedure for VNS
[172.7161397349846] DEBUG: Shaked solution with 4-Permute neighborhood and combination ((8, 13, 15, 18), (3, 0, 2, 1)) at index 244324.
[172.7161779589951] DEBUG: Shaked solution: The permutation [24, 17, 4, 19, 18, 0, 1, 9, 20, 21, 13, 16, 14, 3, 5, 15, 22, 10, 7, 2, 23, 11, 8, 12, 6] results in a cost of inf
[172.71619670899236] DEBUG: Starting LocalSearch procedure.
[180.000015091995] INFO: Time is up.
[180.00036016199738] DEBUG: Local search in 4-Permute neighborhood stopped.
[180.00041369299288] DEBUG: Local searched solution: The permutation [24, 17, 4, 19, 18, 0, 1, 9, 3, 21, 13, 16, 14, 7, 5, 15, 22, 10, 20, 2, 23, 11, 8, 12, 6] results in a cost of 518055079
[180.0004611729819] INFO: VNS finished after 21 iterations.
[180.0005097349931] INFO: Best found Solution.
The permutation [24, 17, 4, 19, 18, 0, 1, 9, 3, 21, 13, 16, 14, 7, 5, 15, 22, 10, 20, 2, 23, 11, 8, 12, 6] results in a cost of 518055079
[180.0114187579893] INFO: Saving solution and logs to file.
[180.01190216798568] INFO: Solution is not better than existing solution. Skipping save.
